<?xml version="1.0" encoding="UTF-8"?>
<testsuite name="AnimalTest" tests="1" skipped="0" failures="0" errors="0" timestamp="2021-03-26T23:13:27" hostname="DESKTOP-D0Q3KH1" time="0.026">
  <properties/>
  <testcase name="shouldGreeting()" classname="AnimalTest" time="0.026"/>
  <system-out><![CDATA[]]></system-out>
  <system-err><![CDATA[]]></system-err>
</testsuite>
